==128201== Memcheck, a memory error detector
==128201== Copyright (C) 2002-2017, and GNU GPL'd, by Julian Seward et al.
==128201== Using Valgrind-3.15.0 and LibVEX; rerun with -h for copyright info
==128201== Command: ./minirt scenes/scene.rt
==128201== 
==128201== Use of uninitialised value of size 8
==128201==    at 0x403B11: fill_octree (setup_scene.c:67)
==128201==    by 0x4033E9: setup_scene (setup_scene.c:24)
==128201==    by 0x402583: main (minirt.c:27)
==128201==  Uninitialised value was created by a stack allocation
==128201==    at 0x402504: main (minirt.c:16)
==128201== 
==128201== Use of uninitialised value of size 8
==128201==    at 0x403B20: fill_octree (setup_scene.c:68)
==128201==    by 0x4033E9: setup_scene (setup_scene.c:24)
==128201==    by 0x402583: main (minirt.c:27)
==128201==  Uninitialised value was created by a stack allocation
==128201==    at 0x402504: main (minirt.c:16)
==128201== 
==128201== 
==128201== HEAP SUMMARY:
==128201==     in use at exit: 486,804 bytes in 4,682 blocks
==128201==   total heap usage: 5,593 allocs, 911 frees, 631,413 bytes allocated
==128201== 
==128201== 20 bytes in 1 blocks are definitely lost in loss record 1 of 6
==128201==    at 0x483B7F3: malloc (in /usr/lib/x86_64-linux-gnu/valgrind/vgpreload_memcheck-amd64-linux.so)
==128201==    by 0x402CB9: parse_light (parse.c:73)
==128201==    by 0x402BFB: parse_line (parse.c:53)
==128201==    by 0x402AD4: parse_scene (parse.c:33)
==128201==    by 0x402577: main (minirt.c:26)
==128201== 
==128201== 64 bytes in 1 blocks are definitely lost in loss record 2 of 6
==128201==    at 0x483B7F3: malloc (in /usr/lib/x86_64-linux-gnu/valgrind/vgpreload_memcheck-amd64-linux.so)
==128201==    by 0x40310C: parse_cylinder (parse.c:123)
==128201==    by 0x402BFB: parse_line (parse.c:53)
==128201==    by 0x402AD4: parse_scene (parse.c:33)
==128201==    by 0x402577: main (minirt.c:26)
==128201== 
==128201== 6,656 bytes in 64 blocks are indirectly lost in loss record 3 of 6
==128201==    at 0x483B7F3: malloc (in /usr/lib/x86_64-linux-gnu/valgrind/vgpreload_memcheck-amd64-linux.so)
==128201==    by 0x403B02: fill_octree (setup_scene.c:67)
==128201==    by 0x403B80: fill_octree (setup_scene.c:68)
==128201==    by 0x4033E9: setup_scene (setup_scene.c:24)
==128201==    by 0x402583: main (minirt.c:27)
==128201== 
==128201== 53,248 bytes in 512 blocks are indirectly lost in loss record 4 of 6
==128201==    at 0x483B7F3: malloc (in /usr/lib/x86_64-linux-gnu/valgrind/vgpreload_memcheck-amd64-linux.so)
==128201==    by 0x403B02: fill_octree (setup_scene.c:67)
==128201==    by 0x403B80: fill_octree (setup_scene.c:68)
==128201==    by 0x403B80: fill_octree (setup_scene.c:68)
==128201==    by 0x4033E9: setup_scene (setup_scene.c:24)
==128201==    by 0x402583: main (minirt.c:27)
==128201== 
==128201== 425,984 bytes in 4,096 blocks are indirectly lost in loss record 5 of 6
==128201==    at 0x483B7F3: malloc (in /usr/lib/x86_64-linux-gnu/valgrind/vgpreload_memcheck-amd64-linux.so)
==128201==    by 0x403B02: fill_octree (setup_scene.c:67)
==128201==    by 0x403B80: fill_octree (setup_scene.c:68)
==128201==    by 0x403B80: fill_octree (setup_scene.c:68)
==128201==    by 0x403B80: fill_octree (setup_scene.c:68)
==128201==    by 0x4033E9: setup_scene (setup_scene.c:24)
==128201==    by 0x402583: main (minirt.c:27)
==128201== 
==128201== 486,720 (832 direct, 485,888 indirect) bytes in 8 blocks are definitely lost in loss record 6 of 6
==128201==    at 0x483B7F3: malloc (in /usr/lib/x86_64-linux-gnu/valgrind/vgpreload_memcheck-amd64-linux.so)
==128201==    by 0x403B02: fill_octree (setup_scene.c:67)
==128201==    by 0x4033E9: setup_scene (setup_scene.c:24)
==128201==    by 0x402583: main (minirt.c:27)
==128201== 
==128201== LEAK SUMMARY:
==128201==    definitely lost: 916 bytes in 10 blocks
==128201==    indirectly lost: 485,888 bytes in 4,672 blocks
==128201==      possibly lost: 0 bytes in 0 blocks
==128201==    still reachable: 0 bytes in 0 blocks
==128201==         suppressed: 0 bytes in 0 blocks
==128201== 
==128201== For lists of detected and suppressed errors, rerun with: -s
==128201== ERROR SUMMARY: 19 errors from 5 contexts (suppressed: 2 from 1)
